<?xml version="1.0" encoding="UTF-8"?>
<!-- Generated by org.testng.reporters.JUnitReportReporter -->
<testsuite hostname="Vanku" failures="0" tests="2" name="TestPackage.day1" time="0.017" errors="0" timestamp="2022-09-16T13:17:51 IST" skipped="0">
  <testcase classname="TestPackage.day1" name="Demo" time="0.016"/>
  <system-out/>
  <testcase classname="TestPackage.day1" name="SecondtestCase" time="0.001"/>
  <system-out/>
</testsuite> <!-- TestPackage.day1 -->
